Exception at PC 0x00007FFA5137E132
Attemped to write at address 0x00007FFB0D184AA4
Printing stacktrace...

[0]  [0x00007FFA5137E132]
[1]  [0x00007FFA5137E132]
[2]  [0x00007FFA5137E194]
[3]  [0x00007FFA50FCD0D7]
[4]  [0x00007FFA50EB2BCA]
[5]  [0x00007FFA50EB2FD1]
[6]  [0x00007FFA5137EB2F]
[7]  [0x00007FFA5123C19D]
[8]  [0x00007FFA51235942]
[9]  [0x00007FFA51235AB5]
[10] (RtlActivateActivationContextUnsafeFast+0x11d) [0x00007FFB6C969A1D]
[11] (LdrShutdownProcess+0x22a) [0x00007FFB6C9AF1CA]
[12] (RtlExitUserProcess+0xad) [0x00007FFB6C9AEF7D]
[13] (FatalExit+0xb) [0x00007FFB6C53E3EB]
[14] (exit+0x85) [0x00007FFB6B9EA155]
[15] (initterm_e+0x245) [0x00007FFB6B9EA7C5]
[16]  [0x00000000004014CD]
[17]  [0x000000000040151B]
[18] (BaseThreadInitThunk+0x14) [0x00007FFB6C537374]
[19] (RtlUserThreadStart+0x21) [0x00007FFB6C99CC91]
Done
