Exception at PC 0x00007FF94D43E132
Attemped to write at address 0x00007FF9896A4AA4
Printing stacktrace...

[0]  [0x00007FF94D43E132]
[1]  [0x00007FF94D43E132]
[2]  [0x00007FF94D43E194]
[3]  [0x00007FF94D08D0D7]
[4]  [0x00007FF94CF72BCA]
[5]  [0x00007FF94CF72FD1]
[6]  [0x00007FF94D43EB2F]
[7]  [0x00007FF94D2FC19D]
[8]  [0x00007FF94D2F5942]
[9]  [0x00007FF94D2F5AB5]
[10] (RtlActivateActivationContextUnsafeFast+0x11d) [0x00007FFA62D69A1D]
[11] (LdrShutdownProcess+0x22a) [0x00007FFA62DAF1CA]
[12] (RtlExitUserProcess+0xad) [0x00007FFA62DAEF7D]
[13] (FatalExit+0xb) [0x00007FFA6204E3EB]
[14] (exit+0x85) [0x00007FFA615EA155]
[15] (initterm_e+0x245) [0x00007FFA615EA7C5]
[16]  [0x00000000004014CD]
[17]  [0x000000000040151B]
[18] (BaseThreadInitThunk+0x14) [0x00007FFA62047374]
[19] (RtlUserThreadStart+0x21) [0x00007FFA62D9CC91]
Done
