Exception at PC 0x00007FFE66D2E132
Attemped to write at address 0x00007FFF6A604AA4
Printing stacktrace...

[0]  [0x00007FFE66D2E132]
[1]  [0x00007FFE66D2E132]
[2]  [0x00007FFE66D2E194]
[3]  [0x00007FFE6697D0D7]
[4]  [0x00007FFE66862BCA]
[5]  [0x00007FFE66862FD1]
[6]  [0x00007FFE66D2EB2F]
[7]  [0x00007FFE66BEC19D]
[8]  [0x00007FFE66BE5942]
[9]  [0x00007FFE66BE5AB5]
[10] (RtlActivateActivationContextUnsafeFast+0x11d) [0x00007FFFB6249A1D]
[11] (LdrShutdownProcess+0x22a) [0x00007FFFB628F1CA]
[12] (RtlExitUserProcess+0xad) [0x00007FFFB628EF7D]
[13] (FatalExit+0xb) [0x00007FFFB56EE3EB]
[14] (exit+0x85) [0x00007FFFB606A155]
[15] (initterm_e+0x245) [0x00007FFFB606A7C5]
[16]  [0x00000000004014CD]
[17]  [0x000000000040151B]
[18] (BaseThreadInitThunk+0x14) [0x00007FFFB56E7374]
[19] (RtlUserThreadStart+0x21) [0x00007FFFB627CC91]
Done
